<?xml version="1.0" encoding="UTF-8"?>
<testsuite name="com.petstore.api.tests.PetTests" tests="12" skipped="0" failures="3" errors="0" timestamp="2022-06-24T16:12:58" hostname="prafulls-MacBook-Pro.local" time="106.897">
  <properties/>
  <testcase name="verifyAddUpdatePet" classname="com.petstore.api.tests.PetTests" time="12.746"/>
  <testcase name="verifyDeletePetWithInvalidPetId" classname="com.petstore.api.tests.PetTests" time="15.559">
    <failure message="java.lang.AssertionError: 1 expectation failed.&#10;Expected status code &lt;400&gt; but was &lt;200&gt;.&#10;" type="java.lang.AssertionError">java.lang.AssertionError: 1 expectation failed.
Expected status code &lt;400&gt; but was &lt;200&gt;.

	at java.base/jdk.internal.reflect.NativeConstructorAccessorImpl.newInstance0(Native Method)
	at java.base/jdk.internal.reflect.NativeConstructorAccessorImpl.newInstance(NativeConstructorAccessorImpl.java:62)
	at java.base/jdk.internal.reflect.DelegatingConstructorAccessorImpl.newInstance(DelegatingConstructorAccessorImpl.java:45)
	at java.base/java.lang.reflect.Constructor.newInstance(Constructor.java:490)
	at org.codehaus.groovy.reflection.CachedConstructor.invoke(CachedConstructor.java:72)
	at org.codehaus.groovy.reflection.CachedConstructor.doConstructorInvoke(CachedConstructor.java:59)
	at org.codehaus.groovy.runtime.callsite.ConstructorSite$ConstructorSiteNoUnwrap.callConstructor(ConstructorSite.java:84)
	at org.codehaus.groovy.runtime.callsite.CallSiteArray.defaultCallConstructor(CallSiteArray.java:59)
	at org.codehaus.groovy.runtime.callsite.AbstractCallSite.callConstructor(AbstractCallSite.java:263)
	at org.codehaus.groovy.runtime.callsite.AbstractCallSite.callConstructor(AbstractCallSite.java:277)
	at io.restassured.internal.ResponseSpecificationImpl$HamcrestAssertionClosure.validate(ResponseSpecificationImpl.groovy:493)
	at io.restassured.internal.ResponseSpecificationImpl$HamcrestAssertionClosure$validate$1.call(Unknown Source)
	at io.restassured.internal.ResponseSpecificationImpl.validateResponseIfRequired(ResponseSpecificationImpl.groovy:674)
	at java.base/jdk.internal.reflect.NativeMethodAccessorImpl.invoke0(Native Method)
	at java.base/jdk.internal.reflect.NativeMethodAccessorImpl.invoke(NativeMethodAccessorImpl.java:62)
	at java.base/jdk.internal.reflect.DelegatingMethodAccessorImpl.invoke(DelegatingMethodAccessorImpl.java:43)
	at java.base/java.lang.reflect.Method.invoke(Method.java:566)
	at org.codehaus.groovy.runtime.callsite.PlainObjectMetaMethodSite.doInvoke(PlainObjectMetaMethodSite.java:43)
	at org.codehaus.groovy.runtime.callsite.PogoMetaMethodSite$PogoCachedMethodSiteNoUnwrapNoCoerce.invoke(PogoMetaMethodSite.java:193)
	at org.codehaus.groovy.runtime.callsite.PogoMetaMethodSite.callCurrent(PogoMetaMethodSite.java:61)
	at org.codehaus.groovy.runtime.callsite.AbstractCallSite.callCurrent(AbstractCallSite.java:185)
	at io.restassured.internal.ResponseSpecificationImpl.statusCode(ResponseSpecificationImpl.groovy:126)
	at io.restassured.specification.ResponseSpecification$statusCode$0.callCurrent(Unknown Source)
	at io.restassured.internal.ResponseSpecificationImpl.statusCode(ResponseSpecificationImpl.groovy:134)
	at io.restassured.internal.ValidatableResponseOptionsImpl.statusCode(ValidatableResponseOptionsImpl.java:89)
	at io.restassured.internal.ValidatableResponseImpl.super$2$statusCode(ValidatableResponseImpl.groovy)
	at java.base/jdk.internal.reflect.NativeMethodAccessorImpl.invoke0(Native Method)
	at java.base/jdk.internal.reflect.NativeMethodAccessorImpl.invoke(NativeMethodAccessorImpl.java:62)
	at java.base/jdk.internal.reflect.DelegatingMethodAccessorImpl.invoke(DelegatingMethodAccessorImpl.java:43)
	at java.base/java.lang.reflect.Method.invoke(Method.java:566)
	at org.codehaus.groovy.reflection.CachedMethod.invoke(CachedMethod.java:107)
	at groovy.lang.MetaMethod.doMethodInvoke(MetaMethod.java:323)
	at groovy.lang.MetaClassImpl.invokeMethod(MetaClassImpl.java:1268)
	at org.codehaus.groovy.runtime.ScriptBytecodeAdapter.invokeMethodOnSuperN(ScriptBytecodeAdapter.java:144)
	at io.restassured.internal.ValidatableResponseImpl.statusCode(ValidatableResponseImpl.groovy:142)
	at io.restassured.internal.ValidatableResponseImpl.statusCode(ValidatableResponseImpl.groovy)
	at com.petstore.api.tests.PetTests.verifyDeletePetWithInvalidPetId(PetTests.java:127)
	at java.base/jdk.internal.reflect.NativeMethodAccessorImpl.invoke0(Native Method)
	at java.base/jdk.internal.reflect.NativeMethodAccessorImpl.invoke(NativeMethodAccessorImpl.java:62)
	at java.base/jdk.internal.reflect.DelegatingMethodAccessorImpl.invoke(DelegatingMethodAccessorImpl.java:43)
	at java.base/java.lang.reflect.Method.invoke(Method.java:566)
	at org.testng.internal.invokers.MethodInvocationHelper.invokeMethod(MethodInvocationHelper.java:139)
	at org.testng.internal.invokers.TestInvoker.invokeMethod(TestInvoker.java:677)
	at org.testng.internal.invokers.TestInvoker.invokeTestMethod(TestInvoker.java:221)
	at org.testng.internal.invokers.MethodRunner.runInSequence(MethodRunner.java:50)
	at org.testng.internal.invokers.TestInvoker$MethodInvocationAgent.invoke(TestInvoker.java:962)
	at org.testng.internal.invokers.TestInvoker.invokeTestMethods(TestInvoker.java:194)
	at org.testng.internal.invokers.TestMethodWorker.invokeTestMethods(TestMethodWorker.java:148)
	at org.testng.internal.invokers.TestMethodWorker.run(TestMethodWorker.java:128)
	at java.base/java.util.ArrayList.forEach(ArrayList.java:1541)
	at org.testng.TestRunner.privateRun(TestRunner.java:806)
	at org.testng.TestRunner.run(TestRunner.java:601)
	at org.testng.SuiteRunner.runTest(SuiteRunner.java:433)
	at org.testng.SuiteRunner.runSequentially(SuiteRunner.java:427)
	at org.testng.SuiteRunner.privateRun(SuiteRunner.java:387)
	at org.testng.SuiteRunner.run(SuiteRunner.java:330)
	at org.testng.SuiteRunnerWorker.runSuite(SuiteRunnerWorker.java:52)
	at org.testng.SuiteRunnerWorker.run(SuiteRunnerWorker.java:95)
	at org.testng.TestNG.runSuitesSequentially(TestNG.java:1256)
	at org.testng.TestNG.runSuitesLocally(TestNG.java:1176)
	at org.testng.TestNG.runSuites(TestNG.java:1099)
	at org.testng.TestNG.run(TestNG.java:1067)
	at org.gradle.api.internal.tasks.testing.testng.TestNGTestClassProcessor.runTests(TestNGTestClassProcessor.java:141)
	at org.gradle.api.internal.tasks.testing.testng.TestNGTestClassProcessor.stop(TestNGTestClassProcessor.java:90)
	at org.gradle.api.internal.tasks.testing.SuiteTestClassProcessor.stop(SuiteTestClassProcessor.java:61)
	at java.base/jdk.internal.reflect.NativeMethodAccessorImpl.invoke0(Native Method)
	at java.base/jdk.internal.reflect.NativeMethodAccessorImpl.invoke(NativeMethodAccessorImpl.java:62)
	at java.base/jdk.internal.reflect.DelegatingMethodAccessorImpl.invoke(DelegatingMethodAccessorImpl.java:43)
	at java.base/java.lang.reflect.Method.invoke(Method.java:566)
	at org.gradle.internal.dispatch.ReflectionDispatch.dispatch(ReflectionDispatch.java:36)
	at org.gradle.internal.dispatch.ReflectionDispatch.dispatch(ReflectionDispatch.java:24)
	at org.gradle.internal.dispatch.ContextClassLoaderDispatch.dispatch(ContextClassLoaderDispatch.java:33)
	at org.gradle.internal.dispatch.ProxyDispatchAdapter$DispatchingInvocationHandler.invoke(ProxyDispatchAdapter.java:94)
	at com.sun.proxy.$Proxy2.stop(Unknown Source)
	at org.gradle.api.internal.tasks.testing.worker.TestWorker.stop(TestWorker.java:135)
	at java.base/jdk.internal.reflect.NativeMethodAccessorImpl.invoke0(Native Method)
	at java.base/jdk.internal.reflect.NativeMethodAccessorImpl.invoke(NativeMethodAccessorImpl.java:62)
	at java.base/jdk.internal.reflect.DelegatingMethodAccessorImpl.invoke(DelegatingMethodAccessorImpl.java:43)
	at java.base/java.lang.reflect.Method.invoke(Method.java:566)
	at org.gradle.internal.dispatch.ReflectionDispatch.dispatch(ReflectionDispatch.java:36)
	at org.gradle.internal.dispatch.ReflectionDispatch.dispatch(ReflectionDispatch.java:24)
	at org.gradle.internal.remote.internal.hub.MessageHubBackedObjectConnection$DispatchWrapper.dispatch(MessageHubBackedObjectConnection.java:182)
	at org.gradle.internal.remote.internal.hub.MessageHubBackedObjectConnection$DispatchWrapper.dispatch(MessageHubBackedObjectConnection.java:164)
	at org.gradle.internal.remote.internal.hub.MessageHub$Handler.run(MessageHub.java:414)
	at org.gradle.internal.concurrent.ExecutorPolicy$CatchAndRecordFailures.onExecute(ExecutorPolicy.java:64)
	at org.gradle.internal.concurrent.ManagedExecutorImpl$1.run(ManagedExecutorImpl.java:48)
	at java.base/java.util.concurrent.ThreadPoolExecutor.runWorker(ThreadPoolExecutor.java:1128)
	at java.base/java.util.concurrent.ThreadPoolExecutor$Worker.run(ThreadPoolExecutor.java:628)
	at org.gradle.internal.concurrent.ThreadFactoryImpl$ManagedThreadRunnable.run(ThreadFactoryImpl.java:56)
	at java.base/java.lang.Thread.run(Thread.java:829)
</failure>
  </testcase>
  <testcase name="verifyDeletePetWithValidPetId" classname="com.petstore.api.tests.PetTests" time="31.006"/>
  <testcase name="verifyFindPetByInvalidStatus" classname="com.petstore.api.tests.PetTests" time="2.155">
    <failure message="java.lang.AssertionError: 1 expectation failed.&#10;Response body doesn't match expectation.&#10;Expected: is &quot;Invalid status value&quot;&#10;  Actual: {&quot;code&quot;:400,&quot;message&quot;:&quot;Input error: query parameter `status value `unavailable` is not in the allowable values `[available, pending, sold]`&quot;}&#10;" type="java.lang.AssertionError">java.lang.AssertionError: 1 expectation failed.
Response body doesn't match expectation.
Expected: is &quot;Invalid status value&quot;
  Actual: {&quot;code&quot;:400,&quot;message&quot;:&quot;Input error: query parameter `status value `unavailable` is not in the allowable values `[available, pending, sold]`&quot;}

	at java.base/jdk.internal.reflect.NativeConstructorAccessorImpl.newInstance0(Native Method)
	at java.base/jdk.internal.reflect.NativeConstructorAccessorImpl.newInstance(NativeConstructorAccessorImpl.java:62)
	at java.base/jdk.internal.reflect.DelegatingConstructorAccessorImpl.newInstance(DelegatingConstructorAccessorImpl.java:45)
	at java.base/java.lang.reflect.Constructor.newInstance(Constructor.java:490)
	at org.codehaus.groovy.reflection.CachedConstructor.invoke(CachedConstructor.java:72)
	at org.codehaus.groovy.reflection.CachedConstructor.doConstructorInvoke(CachedConstructor.java:59)
	at org.codehaus.groovy.runtime.callsite.ConstructorSite$ConstructorSiteNoUnwrap.callConstructor(ConstructorSite.java:84)
	at org.codehaus.groovy.runtime.callsite.AbstractCallSite.callConstructor(AbstractCallSite.java:277)
	at io.restassured.internal.ResponseSpecificationImpl$HamcrestAssertionClosure.validate(ResponseSpecificationImpl.groovy:493)
	at io.restassured.internal.ResponseSpecificationImpl$HamcrestAssertionClosure$validate$1.call(Unknown Source)
	at io.restassured.internal.ResponseSpecificationImpl.validateResponseIfRequired(ResponseSpecificationImpl.groovy:674)
	at java.base/jdk.internal.reflect.NativeMethodAccessorImpl.invoke0(Native Method)
	at java.base/jdk.internal.reflect.NativeMethodAccessorImpl.invoke(NativeMethodAccessorImpl.java:62)
	at java.base/jdk.internal.reflect.DelegatingMethodAccessorImpl.invoke(DelegatingMethodAccessorImpl.java:43)
	at java.base/java.lang.reflect.Method.invoke(Method.java:566)
	at org.codehaus.groovy.runtime.callsite.PlainObjectMetaMethodSite.doInvoke(PlainObjectMetaMethodSite.java:43)
	at org.codehaus.groovy.runtime.callsite.PogoMetaMethodSite$PogoCachedMethodSiteNoUnwrapNoCoerce.invoke(PogoMetaMethodSite.java:193)
	at org.codehaus.groovy.runtime.callsite.PogoMetaMethodSite.callCurrent(PogoMetaMethodSite.java:61)
	at org.codehaus.groovy.runtime.callsite.CallSiteArray.defaultCallCurrent(CallSiteArray.java:51)
	at org.codehaus.groovy.runtime.callsite.AbstractCallSite.callCurrent(AbstractCallSite.java:171)
	at org.codehaus.groovy.runtime.callsite.AbstractCallSite.callCurrent(AbstractCallSite.java:185)
	at io.restassured.internal.ResponseSpecificationImpl.body(ResponseSpecificationImpl.groovy:98)
	at io.restassured.internal.ValidatableResponseOptionsImpl.body(ValidatableResponseOptionsImpl.java:238)
	at io.restassured.internal.ValidatableResponseImpl.super$2$body(ValidatableResponseImpl.groovy)
	at java.base/jdk.internal.reflect.NativeMethodAccessorImpl.invoke0(Native Method)
	at java.base/jdk.internal.reflect.NativeMethodAccessorImpl.invoke(NativeMethodAccessorImpl.java:62)
	at java.base/jdk.internal.reflect.DelegatingMethodAccessorImpl.invoke(DelegatingMethodAccessorImpl.java:43)
	at java.base/java.lang.reflect.Method.invoke(Method.java:566)
	at org.codehaus.groovy.reflection.CachedMethod.invoke(CachedMethod.java:107)
	at groovy.lang.MetaMethod.doMethodInvoke(MetaMethod.java:323)
	at groovy.lang.MetaClassImpl.invokeMethod(MetaClassImpl.java:1268)
	at org.codehaus.groovy.runtime.ScriptBytecodeAdapter.invokeMethodOnSuperN(ScriptBytecodeAdapter.java:144)
	at io.restassured.internal.ValidatableResponseImpl.body(ValidatableResponseImpl.groovy:293)
	at io.restassured.internal.ValidatableResponseImpl.body(ValidatableResponseImpl.groovy)
	at com.petstore.api.tests.PetTests.verifyFindPetByInvalidStatus(PetTests.java:169)
	at java.base/jdk.internal.reflect.NativeMethodAccessorImpl.invoke0(Native Method)
	at java.base/jdk.internal.reflect.NativeMethodAccessorImpl.invoke(NativeMethodAccessorImpl.java:62)
	at java.base/jdk.internal.reflect.DelegatingMethodAccessorImpl.invoke(DelegatingMethodAccessorImpl.java:43)
	at java.base/java.lang.reflect.Method.invoke(Method.java:566)
	at org.testng.internal.invokers.MethodInvocationHelper.invokeMethod(MethodInvocationHelper.java:139)
	at org.testng.internal.invokers.TestInvoker.invokeMethod(TestInvoker.java:677)
	at org.testng.internal.invokers.TestInvoker.invokeTestMethod(TestInvoker.java:221)
	at org.testng.internal.invokers.MethodRunner.runInSequence(MethodRunner.java:50)
	at org.testng.internal.invokers.TestInvoker$MethodInvocationAgent.invoke(TestInvoker.java:962)
	at org.testng.internal.invokers.TestInvoker.invokeTestMethods(TestInvoker.java:194)
	at org.testng.internal.invokers.TestMethodWorker.invokeTestMethods(TestMethodWorker.java:148)
	at org.testng.internal.invokers.TestMethodWorker.run(TestMethodWorker.java:128)
	at java.base/java.util.ArrayList.forEach(ArrayList.java:1541)
	at org.testng.TestRunner.privateRun(TestRunner.java:806)
	at org.testng.TestRunner.run(TestRunner.java:601)
	at org.testng.SuiteRunner.runTest(SuiteRunner.java:433)
	at org.testng.SuiteRunner.runSequentially(SuiteRunner.java:427)
	at org.testng.SuiteRunner.privateRun(SuiteRunner.java:387)
	at org.testng.SuiteRunner.run(SuiteRunner.java:330)
	at org.testng.SuiteRunnerWorker.runSuite(SuiteRunnerWorker.java:52)
	at org.testng.SuiteRunnerWorker.run(SuiteRunnerWorker.java:95)
	at org.testng.TestNG.runSuitesSequentially(TestNG.java:1256)
	at org.testng.TestNG.runSuitesLocally(TestNG.java:1176)
	at org.testng.TestNG.runSuites(TestNG.java:1099)
	at org.testng.TestNG.run(TestNG.java:1067)
	at org.gradle.api.internal.tasks.testing.testng.TestNGTestClassProcessor.runTests(TestNGTestClassProcessor.java:141)
	at org.gradle.api.internal.tasks.testing.testng.TestNGTestClassProcessor.stop(TestNGTestClassProcessor.java:90)
	at org.gradle.api.internal.tasks.testing.SuiteTestClassProcessor.stop(SuiteTestClassProcessor.java:61)
	at java.base/jdk.internal.reflect.NativeMethodAccessorImpl.invoke0(Native Method)
	at java.base/jdk.internal.reflect.NativeMethodAccessorImpl.invoke(NativeMethodAccessorImpl.java:62)
	at java.base/jdk.internal.reflect.DelegatingMethodAccessorImpl.invoke(DelegatingMethodAccessorImpl.java:43)
	at java.base/java.lang.reflect.Method.invoke(Method.java:566)
	at org.gradle.internal.dispatch.ReflectionDispatch.dispatch(ReflectionDispatch.java:36)
	at org.gradle.internal.dispatch.ReflectionDispatch.dispatch(ReflectionDispatch.java:24)
	at org.gradle.internal.dispatch.ContextClassLoaderDispatch.dispatch(ContextClassLoaderDispatch.java:33)
	at org.gradle.internal.dispatch.ProxyDispatchAdapter$DispatchingInvocationHandler.invoke(ProxyDispatchAdapter.java:94)
	at com.sun.proxy.$Proxy2.stop(Unknown Source)
	at org.gradle.api.internal.tasks.testing.worker.TestWorker.stop(TestWorker.java:135)
	at java.base/jdk.internal.reflect.NativeMethodAccessorImpl.invoke0(Native Method)
	at java.base/jdk.internal.reflect.NativeMethodAccessorImpl.invoke(NativeMethodAccessorImpl.java:62)
	at java.base/jdk.internal.reflect.DelegatingMethodAccessorImpl.invoke(DelegatingMethodAccessorImpl.java:43)
	at java.base/java.lang.reflect.Method.invoke(Method.java:566)
	at org.gradle.internal.dispatch.ReflectionDispatch.dispatch(ReflectionDispatch.java:36)
	at org.gradle.internal.dispatch.ReflectionDispatch.dispatch(ReflectionDispatch.java:24)
	at org.gradle.internal.remote.internal.hub.MessageHubBackedObjectConnection$DispatchWrapper.dispatch(MessageHubBackedObjectConnection.java:182)
	at org.gradle.internal.remote.internal.hub.MessageHubBackedObjectConnection$DispatchWrapper.dispatch(MessageHubBackedObjectConnection.java:164)
	at org.gradle.internal.remote.internal.hub.MessageHub$Handler.run(MessageHub.java:414)
	at org.gradle.internal.concurrent.ExecutorPolicy$CatchAndRecordFailures.onExecute(ExecutorPolicy.java:64)
	at org.gradle.internal.concurrent.ManagedExecutorImpl$1.run(ManagedExecutorImpl.java:48)
	at java.base/java.util.concurrent.ThreadPoolExecutor.runWorker(ThreadPoolExecutor.java:1128)
	at java.base/java.util.concurrent.ThreadPoolExecutor$Worker.run(ThreadPoolExecutor.java:628)
	at org.gradle.internal.concurrent.ThreadFactoryImpl$ManagedThreadRunnable.run(ThreadFactoryImpl.java:56)
	at java.base/java.lang.Thread.run(Thread.java:829)
</failure>
  </testcase>
  <testcase name="verifyFindPetByTags" classname="com.petstore.api.tests.PetTests" time="10.073"/>
  <testcase name="verifyFindPetByValidStatus" classname="com.petstore.api.tests.PetTests" time="5.792"/>
  <testcase name="verifyGetPetWithInvalidPetId" classname="com.petstore.api.tests.PetTests" time="2.039"/>
  <testcase name="verifyGetPetWithValidPetId" classname="com.petstore.api.tests.PetTests" time="6.092"/>
  <testcase name="verifyUpdatePetWithFormData" classname="com.petstore.api.tests.PetTests" time="6.204"/>
  <testcase name="verifyUpdatePetWithFormDataWIthInvalidPetStatus" classname="com.petstore.api.tests.PetTests" time="8.298">
    <failure message="java.lang.AssertionError: 1 expectation failed.&#10;Expected status code &lt;405&gt; but was &lt;200&gt;.&#10;" type="java.lang.AssertionError">java.lang.AssertionError: 1 expectation failed.
Expected status code &lt;405&gt; but was &lt;200&gt;.

	at java.base/jdk.internal.reflect.NativeConstructorAccessorImpl.newInstance0(Native Method)
	at java.base/jdk.internal.reflect.NativeConstructorAccessorImpl.newInstance(NativeConstructorAccessorImpl.java:62)
	at java.base/jdk.internal.reflect.DelegatingConstructorAccessorImpl.newInstance(DelegatingConstructorAccessorImpl.java:45)
	at java.base/java.lang.reflect.Constructor.newInstance(Constructor.java:490)
	at org.codehaus.groovy.reflection.CachedConstructor.invoke(CachedConstructor.java:72)
	at org.codehaus.groovy.reflection.CachedConstructor.doConstructorInvoke(CachedConstructor.java:59)
	at org.codehaus.groovy.runtime.callsite.ConstructorSite$ConstructorSiteNoUnwrap.callConstructor(ConstructorSite.java:84)
	at org.codehaus.groovy.runtime.callsite.AbstractCallSite.callConstructor(AbstractCallSite.java:277)
	at io.restassured.internal.ResponseSpecificationImpl$HamcrestAssertionClosure.validate(ResponseSpecificationImpl.groovy:493)
	at io.restassured.internal.ResponseSpecificationImpl$HamcrestAssertionClosure$validate$1.call(Unknown Source)
	at io.restassured.internal.ResponseSpecificationImpl.validateResponseIfRequired(ResponseSpecificationImpl.groovy:674)
	at jdk.internal.reflect.GeneratedMethodAccessor148.invoke(Unknown Source)
	at java.base/jdk.internal.reflect.DelegatingMethodAccessorImpl.invoke(DelegatingMethodAccessorImpl.java:43)
	at java.base/java.lang.reflect.Method.invoke(Method.java:566)
	at org.codehaus.groovy.runtime.callsite.PlainObjectMetaMethodSite.doInvoke(PlainObjectMetaMethodSite.java:43)
	at org.codehaus.groovy.runtime.callsite.PogoMetaMethodSite$PogoCachedMethodSiteNoUnwrapNoCoerce.invoke(PogoMetaMethodSite.java:193)
	at org.codehaus.groovy.runtime.callsite.PogoMetaMethodSite.callCurrent(PogoMetaMethodSite.java:61)
	at org.codehaus.groovy.runtime.callsite.AbstractCallSite.callCurrent(AbstractCallSite.java:185)
	at io.restassured.internal.ResponseSpecificationImpl.statusCode(ResponseSpecificationImpl.groovy:126)
	at io.restassured.specification.ResponseSpecification$statusCode$0.callCurrent(Unknown Source)
	at io.restassured.internal.ResponseSpecificationImpl.statusCode(ResponseSpecificationImpl.groovy:134)
	at io.restassured.internal.ValidatableResponseOptionsImpl.statusCode(ValidatableResponseOptionsImpl.java:89)
	at io.restassured.internal.ValidatableResponseImpl.super$2$statusCode(ValidatableResponseImpl.groovy)
	at java.base/jdk.internal.reflect.NativeMethodAccessorImpl.invoke0(Native Method)
	at java.base/jdk.internal.reflect.NativeMethodAccessorImpl.invoke(NativeMethodAccessorImpl.java:62)
	at java.base/jdk.internal.reflect.DelegatingMethodAccessorImpl.invoke(DelegatingMethodAccessorImpl.java:43)
	at java.base/java.lang.reflect.Method.invoke(Method.java:566)
	at org.codehaus.groovy.reflection.CachedMethod.invoke(CachedMethod.java:107)
	at groovy.lang.MetaMethod.doMethodInvoke(MetaMethod.java:323)
	at groovy.lang.MetaClassImpl.invokeMethod(MetaClassImpl.java:1268)
	at org.codehaus.groovy.runtime.ScriptBytecodeAdapter.invokeMethodOnSuperN(ScriptBytecodeAdapter.java:144)
	at io.restassured.internal.ValidatableResponseImpl.statusCode(ValidatableResponseImpl.groovy:142)
	at io.restassured.internal.ValidatableResponseImpl.statusCode(ValidatableResponseImpl.groovy)
	at com.petstore.api.tests.PetTests.verifyUpdatePetWithFormDataWIthInvalidPetStatus(PetTests.java:84)
	at java.base/jdk.internal.reflect.NativeMethodAccessorImpl.invoke0(Native Method)
	at java.base/jdk.internal.reflect.NativeMethodAccessorImpl.invoke(NativeMethodAccessorImpl.java:62)
	at java.base/jdk.internal.reflect.DelegatingMethodAccessorImpl.invoke(DelegatingMethodAccessorImpl.java:43)
	at java.base/java.lang.reflect.Method.invoke(Method.java:566)
	at org.testng.internal.invokers.MethodInvocationHelper.invokeMethod(MethodInvocationHelper.java:139)
	at org.testng.internal.invokers.TestInvoker.invokeMethod(TestInvoker.java:677)
	at org.testng.internal.invokers.TestInvoker.invokeTestMethod(TestInvoker.java:221)
	at org.testng.internal.invokers.MethodRunner.runInSequence(MethodRunner.java:50)
	at org.testng.internal.invokers.TestInvoker$MethodInvocationAgent.invoke(TestInvoker.java:962)
	at org.testng.internal.invokers.TestInvoker.invokeTestMethods(TestInvoker.java:194)
	at org.testng.internal.invokers.TestMethodWorker.invokeTestMethods(TestMethodWorker.java:148)
	at org.testng.internal.invokers.TestMethodWorker.run(TestMethodWorker.java:128)
	at java.base/java.util.ArrayList.forEach(ArrayList.java:1541)
	at org.testng.TestRunner.privateRun(TestRunner.java:806)
	at org.testng.TestRunner.run(TestRunner.java:601)
	at org.testng.SuiteRunner.runTest(SuiteRunner.java:433)
	at org.testng.SuiteRunner.runSequentially(SuiteRunner.java:427)
	at org.testng.SuiteRunner.privateRun(SuiteRunner.java:387)
	at org.testng.SuiteRunner.run(SuiteRunner.java:330)
	at org.testng.SuiteRunnerWorker.runSuite(SuiteRunnerWorker.java:52)
	at org.testng.SuiteRunnerWorker.run(SuiteRunnerWorker.java:95)
	at org.testng.TestNG.runSuitesSequentially(TestNG.java:1256)
	at org.testng.TestNG.runSuitesLocally(TestNG.java:1176)
	at org.testng.TestNG.runSuites(TestNG.java:1099)
	at org.testng.TestNG.run(TestNG.java:1067)
	at org.gradle.api.internal.tasks.testing.testng.TestNGTestClassProcessor.runTests(TestNGTestClassProcessor.java:141)
	at org.gradle.api.internal.tasks.testing.testng.TestNGTestClassProcessor.stop(TestNGTestClassProcessor.java:90)
	at org.gradle.api.internal.tasks.testing.SuiteTestClassProcessor.stop(SuiteTestClassProcessor.java:61)
	at java.base/jdk.internal.reflect.NativeMethodAccessorImpl.invoke0(Native Method)
	at java.base/jdk.internal.reflect.NativeMethodAccessorImpl.invoke(NativeMethodAccessorImpl.java:62)
	at java.base/jdk.internal.reflect.DelegatingMethodAccessorImpl.invoke(DelegatingMethodAccessorImpl.java:43)
	at java.base/java.lang.reflect.Method.invoke(Method.java:566)
	at org.gradle.internal.dispatch.ReflectionDispatch.dispatch(ReflectionDispatch.java:36)
	at org.gradle.internal.dispatch.ReflectionDispatch.dispatch(ReflectionDispatch.java:24)
	at org.gradle.internal.dispatch.ContextClassLoaderDispatch.dispatch(ContextClassLoaderDispatch.java:33)
	at org.gradle.internal.dispatch.ProxyDispatchAdapter$DispatchingInvocationHandler.invoke(ProxyDispatchAdapter.java:94)
	at com.sun.proxy.$Proxy2.stop(Unknown Source)
	at org.gradle.api.internal.tasks.testing.worker.TestWorker.stop(TestWorker.java:135)
	at java.base/jdk.internal.reflect.NativeMethodAccessorImpl.invoke0(Native Method)
	at java.base/jdk.internal.reflect.NativeMethodAccessorImpl.invoke(NativeMethodAccessorImpl.java:62)
	at java.base/jdk.internal.reflect.DelegatingMethodAccessorImpl.invoke(DelegatingMethodAccessorImpl.java:43)
	at java.base/java.lang.reflect.Method.invoke(Method.java:566)
	at org.gradle.internal.dispatch.ReflectionDispatch.dispatch(ReflectionDispatch.java:36)
	at org.gradle.internal.dispatch.ReflectionDispatch.dispatch(ReflectionDispatch.java:24)
	at org.gradle.internal.remote.internal.hub.MessageHubBackedObjectConnection$DispatchWrapper.dispatch(MessageHubBackedObjectConnection.java:182)
	at org.gradle.internal.remote.internal.hub.MessageHubBackedObjectConnection$DispatchWrapper.dispatch(MessageHubBackedObjectConnection.java:164)
	at org.gradle.internal.remote.internal.hub.MessageHub$Handler.run(MessageHub.java:414)
	at org.gradle.internal.concurrent.ExecutorPolicy$CatchAndRecordFailures.onExecute(ExecutorPolicy.java:64)
	at org.gradle.internal.concurrent.ManagedExecutorImpl$1.run(ManagedExecutorImpl.java:48)
	at java.base/java.util.concurrent.ThreadPoolExecutor.runWorker(ThreadPoolExecutor.java:1128)
	at java.base/java.util.concurrent.ThreadPoolExecutor$Worker.run(ThreadPoolExecutor.java:628)
	at org.gradle.internal.concurrent.ThreadFactoryImpl$ManagedThreadRunnable.run(ThreadFactoryImpl.java:56)
	at java.base/java.lang.Thread.run(Thread.java:829)
</failure>
  </testcase>
  <testcase name="verifyUpdatePetWithInvalidPetId" classname="com.petstore.api.tests.PetTests" time="1.876"/>
  <testcase name="verifyUploadImg" classname="com.petstore.api.tests.PetTests" time="4.959"/>
  <system-out><![CDATA[Request method:	POST
Request URI:	https://petstore3.swagger.io/api/v3/pet
Proxy:			<none>
Request params:	<none>
Query params:	<none>
Form params:	<none>
Path params:	<none>
Headers:		Accept=*/*
				Content-Type=application/json
Cookies:		<none>
Multiparts:		<none>
Body:
{
    "id": 627,
    "name": "Nugget",
    "category": {
        "id": 89,
        "name": "CatA"
    },
    "photoUrls": [
        "https://demo.testimagedemo.jpg"
    ],
    "tags": [
        {
            "id": 27,
            "name": "kitty"
        },
        {
            "id": 90,
            "name": "puppy"
        }
    ],
    "status": "available"
}
{"id":627,"category":{"id":89,"name":"CatA"},"name":"Nugget","photoUrls":["https://demo.testimagedemo.jpg"],"tags":[{"id":27,"name":"kitty"},{"id":90,"name":"puppy"}],"status":"available"}
Request method:	PUT
Request URI:	https://petstore3.swagger.io/api/v3/pet
Proxy:			<none>
Request params:	<none>
Query params:	<none>
Form params:	<none>
Path params:	<none>
Headers:		Accept=*/*
				Content-Type=application/json
Cookies:		<none>
Multiparts:		<none>
Body:
{
    "id": 627,
    "name": "Max",
    "category": {
        "id": 89,
        "name": "CatA"
    },
    "photoUrls": [
        "https://demo.testimagedemo.jpg"
    ],
    "tags": [
        {
            "id": 27,
            "name": "kitty"
        },
        {
            "id": 90,
            "name": "puppy"
        }
    ],
    "status": "available"
}
{"id":627,"category":{"id":89,"name":"CatA"},"name":"Max","photoUrls":["https://demo.testimagedemo.jpg"],"tags":[{"id":27,"name":"kitty"},{"id":90,"name":"puppy"}],"status":"available"}
Request method:	DELETE
Request URI:	https://petstore3.swagger.io/api/v3/pet/1594
Proxy:			<none>
Request params:	<none>
Query params:	<none>
Form params:	<none>
Path params:	petId=1594
Headers:		Accept=*/*
				Content-Type=application/json
Cookies:		<none>
Multiparts:		<none>
Body:			<none>
Pet deleted
Request method:	POST
Request URI:	https://petstore3.swagger.io/api/v3/pet
Proxy:			<none>
Request params:	<none>
Query params:	<none>
Form params:	<none>
Path params:	<none>
Headers:		Accept=*/*
				Content-Type=application/json
Cookies:		<none>
Multiparts:		<none>
Body:
{
    "id": 418,
    "name": "Nugget",
    "category": {
        "id": 89,
        "name": "CatA"
    },
    "photoUrls": [
        "https://demo.testimagedemo.jpg"
    ],
    "tags": [
        {
            "id": 27,
            "name": "kitty"
        },
        {
            "id": 90,
            "name": "puppy"
        }
    ],
    "status": "available"
}
{"id":418,"category":{"id":89,"name":"CatA"},"name":"Nugget","photoUrls":["https://demo.testimagedemo.jpg"],"tags":[{"id":27,"name":"kitty"},{"id":90,"name":"puppy"}],"status":"available"}
Request method:	DELETE
Request URI:	https://petstore3.swagger.io/api/v3/pet/418
Proxy:			<none>
Request params:	<none>
Query params:	<none>
Form params:	<none>
Path params:	petId=418
Headers:		Accept=*/*
				Content-Type=application/json
Cookies:		<none>
Multiparts:		<none>
Body:			<none>
Pet deleted
Request method:	GET
Request URI:	https://petstore3.swagger.io/api/v3/pet/418
Proxy:			<none>
Request params:	<none>
Query params:	<none>
Form params:	<none>
Path params:	petId=418
Headers:		Accept=*/*
				Content-Type=application/json
Cookies:		<none>
Multiparts:		<none>
Body:			<none>
Pet not found
Request method:	GET
Request URI:	https://petstore3.swagger.io/api/v3/pet/findByStatus?status=unavailable
Proxy:			<none>
Request params:	<none>
Query params:	status=unavailable
Form params:	<none>
Path params:	<none>
Headers:		Accept=*/*
				Content-Type=application/json
Cookies:		<none>
Multiparts:		<none>
Body:			<none>
{"code":400,"message":"Input error: query parameter `status value `unavailable` is not in the allowable values `[available, pending, sold]`"}
Request method:	POST
Request URI:	https://petstore3.swagger.io/api/v3/pet
Proxy:			<none>
Request params:	<none>
Query params:	<none>
Form params:	<none>
Path params:	<none>
Headers:		Accept=*/*
				Content-Type=application/json
Cookies:		<none>
Multiparts:		<none>
Body:
{
    "id": 342,
    "name": "Nugget",
    "category": {
        "id": 89,
        "name": "CatA"
    },
    "photoUrls": [
        "https://demo.testimagedemo.jpg"
    ],
    "tags": [
        {
            "id": 27,
            "name": "kitty"
        },
        {
            "id": 90,
            "name": "puppy"
        }
    ],
    "status": "available"
}
{"id":342,"category":{"id":89,"name":"CatA"},"name":"Nugget","photoUrls":["https://demo.testimagedemo.jpg"],"tags":[{"id":27,"name":"kitty"},{"id":90,"name":"puppy"}],"status":"available"}
Request method:	GET
Request URI:	https://petstore3.swagger.io/api/v3/pet/findByTags?tags=kitty
Proxy:			<none>
Request params:	<none>
Query params:	tags=[kitty]
Form params:	<none>
Path params:	<none>
Headers:		Accept=*/*
				Content-Type=application/json
Cookies:		<none>
Multiparts:		<none>
Body:			<none>
[{"id":273,"category":{"id":89,"name":"CatA"},"name":"Nugget","photoUrls":["https://demo.testimagedemo.jpg","/tmp/inflector3457622432551604106.tmp"],"tags":[{"id":27,"name":"kitty"},{"id":90,"name":"puppy"}],"status":"available"},{"id":28,"category":{"id":89,"name":"CatA"},"name":"Nugget","photoUrls":["https://demo.testimagedemo.jpg","/tmp/inflector1574808193402962235.tmp"],"tags":[{"id":27,"name":"kitty"},{"id":90,"name":"puppy"}],"status":"available"},{"id":855,"category":{"id":89,"name":"CatA"},"name":"Max","photoUrls":["https://demo.testimagedemo.jpg"],"tags":[{"id":27,"name":"kitty"},{"id":90,"name":"puppy"}],"status":"available"},{"id":305,"category":{"id":89,"name":"CatA"},"name":"Max","photoUrls":["https://demo.testimagedemo.jpg"],"tags":[{"id":27,"name":"kitty"},{"id":90,"name":"puppy"}],"status":"available"},{"id":967,"category":{"id":89,"name":"CatA"},"name":"Nugget","photoUrls":["https://demo.testimagedemo.jpg"],"tags":[{"id":27,"name":"kitty"},{"id":90,"name":"puppy"}],"status":"available"},{"id":521,"category":{"id":89,"name":"CatA"},"name":"Max","photoUrls":["https://demo.testimagedemo.jpg"],"tags":[{"id":27,"name":"kitty"},{"id":90,"name":"puppy"}],"status":"available"},{"id":965,"category":{"id":89,"name":"CatA"},"name":"Max","photoUrls":["https://demo.testimagedemo.jpg"],"tags":[{"id":27,"name":"kitty"},{"id":90,"name":"puppy"}],"status":"available"},{"id":838,"category":{"id":89,"name":"CatA"},"name":"Max","photoUrls":["https://demo.testimagedemo.jpg"],"tags":[{"id":27,"name":"kitty"},{"id":90,"name":"puppy"}],"status":"available"},{"id":600,"category":{"id":89,"name":"CatA"},"name":"Max","photoUrls":["https://demo.testimagedemo.jpg"],"tags":[{"id":27,"name":"kitty"},{"id":90,"name":"puppy"}],"status":"available"},{"id":129,"category":{"id":89,"name":"CatA"},"name":"Nugget","photoUrls":["https://demo.testimagedemo.jpg"],"tags":[{"id":27,"name":"kitty"},{"id":90,"name":"puppy"}],"status":"available"},{"id":971,"category":{"id":89,"name":"CatA"},"name":"Nugget","photoUrls":["https://demo.testimagedemo.jpg"],"tags":[{"id":27,"name":"kitty"},{"id":90,"name":"puppy"}],"status":"available"},{"id":37,"category":{"id":89,"name":"CatA"},"name":"Nugget","photoUrls":["https://demo.testimagedemo.jpg"],"tags":[{"id":27,"name":"kitty"},{"id":90,"name":"puppy"}],"status":"available"},{"id":758,"category":{"id":89,"name":"CatA"},"name":"doggie","photoUrls":["https://demo.testimagedemo.jpg"],"tags":[{"id":27,"name":"kitty"},{"id":90,"name":"puppy"}],"status":"pending"},{"id":385,"category":{"id":89,"name":"CatA"},"name":"doggie","photoUrls":["https://demo.testimagedemo.jpg"],"tags":[{"id":27,"name":"kitty"},{"id":90,"name":"puppy"}],"status":"invalid"},{"id":546,"category":{"id":89,"name":"CatA"},"name":"Nugget","photoUrls":["https://demo.testimagedemo.jpg","/tmp/inflector7455447874764341541.tmp"],"tags":[{"id":27,"name":"kitty"},{"id":90,"name":"puppy"}],"status":"available"},{"id":612,"category":{"id":89,"name":"CatA"},"name":"Nugget","photoUrls":["https://demo.testimagedemo.jpg"],"tags":[{"id":27,"name":"kitty"},{"id":90,"name":"puppy"}],"status":"available"},{"id":222,"category":{"id":89,"name":"CatA"},"name":"Nugget","photoUrls":["https://demo.testimagedemo.jpg","/tmp/inflector5439801211200952413.tmp"],"tags":[{"id":27,"name":"kitty"},{"id":90,"name":"puppy"}],"status":"available"},{"id":962,"category":{"id":89,"name":"CatA"},"name":"Max","photoUrls":["https://demo.testimagedemo.jpg"],"tags":[{"id":27,"name":"kitty"},{"id":90,"name":"puppy"}],"status":"available"},{"id":368,"category":{"id":89,"name":"CatA"},"name":"Nugget","photoUrls":["https://demo.testimagedemo.jpg"],"tags":[{"id":27,"name":"kitty"},{"id":90,"name":"puppy"}],"status":"available"},{"id":360,"category":{"id":89,"name":"CatA"},"name":"Nugget","photoUrls":["https://demo.testimagedemo.jpg"],"tags":[{"id":27,"name":"kitty"},{"id":90,"name":"puppy"}],"status":"available"},{"id":161,"category":{"id":89,"name":"CatA"},"name":"Nugget","photoUrls":["https://demo.testimagedemo.jpg"],"tags":[{"id":27,"name":"kitty"},{"id":90,"name":"puppy"}],"status":"available"},{"id":218,"category":{"id":89,"name":"CatA"},"name":"doggie","photoUrls":["https://demo.testimagedemo.jpg"],"tags":[{"id":27,"name":"kitty"},{"id":90,"name":"puppy"}],"status":"pending"},{"id":765,"category":{"id":89,"name":"CatA"},"name":"doggie","photoUrls":["https://demo.testimagedemo.jpg"],"tags":[{"id":27,"name":"kitty"},{"id":90,"name":"puppy"}],"status":"invalid"},{"id":529,"category":{"id":89,"name":"CatA"},"name":"Nugget","photoUrls":["https://demo.testimagedemo.jpg","/tmp/inflector1206233102624051737.tmp"],"tags":[{"id":27,"name":"kitty"},{"id":90,"name":"puppy"}],"status":"available"},{"id":24,"category":{"id":89,"name":"CatA"},"name":"doggie","photoUrls":["https://demo.testimagedemo.jpg"],"tags":[{"id":27,"name":"kitty"},{"id":90,"name":"puppy"}],"status":"pending"},{"id":885,"category":{"id":89,"name":"CatA"},"name":"doggie","photoUrls":["https://demo.testimagedemo.jpg"],"tags":[{"id":27,"name":"kitty"},{"id":90,"name":"puppy"}],"status":"pending"},{"id":259,"category":{"id":89,"name":"CatA"},"name":"doggie","photoUrls":["https://demo.testimagedemo.jpg"],"tags":[{"id":27,"name":"kitty"},{"id":90,"name":"puppy"}],"status":"pending"},{"id":798,"category":{"id":89,"name":"CatA"},"name":"Nugget","photoUrls":["https://demo.testimagedemo.jpg"],"tags":[{"id":27,"name":"kitty"},{"id":90,"name":"puppy"}],"status":"available"},{"id":627,"category":{"id":89,"name":"CatA"},"name":"Max","photoUrls":["https://demo.testimagedemo.jpg"],"tags":[{"id":27,"name":"kitty"},{"id":90,"name":"puppy"}],"status":"available"},{"id":342,"category":{"id":89,"name":"CatA"},"name":"Nugget","photoUrls":["https://demo.testimagedemo.jpg"],"tags":[{"id":27,"name":"kitty"},{"id":90,"name":"puppy"}],"status":"available"}]
Request method:	POST
Request URI:	https://petstore3.swagger.io/api/v3/pet
Proxy:			<none>
Request params:	<none>
Query params:	<none>
Form params:	<none>
Path params:	<none>
Headers:		Accept=*/*
				Content-Type=application/json
Cookies:		<none>
Multiparts:		<none>
Body:
{
    "id": 436,
    "name": "Nugget",
    "category": {
        "id": 89,
        "name": "CatA"
    },
    "photoUrls": [
        "https://demo.testimagedemo.jpg"
    ],
    "tags": [
        {
            "id": 27,
            "name": "kitty"
        },
        {
            "id": 90,
            "name": "puppy"
        }
    ],
    "status": "available"
}
{"id":436,"category":{"id":89,"name":"CatA"},"name":"Nugget","photoUrls":["https://demo.testimagedemo.jpg"],"tags":[{"id":27,"name":"kitty"},{"id":90,"name":"puppy"}],"status":"available"}
Request method:	GET
Request URI:	https://petstore3.swagger.io/api/v3/pet/findByStatus?status=available
Proxy:			<none>
Request params:	<none>
Query params:	status=available
Form params:	<none>
Path params:	<none>
Headers:		Accept=*/*
				Content-Type=application/json
Cookies:		<none>
Multiparts:		<none>
Body:			<none>
[{"id":4,"category":{"id":1,"name":"Dogs"},"name":"Dog 1","photoUrls":["url1","url2"],"tags":[{"id":1,"name":"tag1"},{"id":2,"name":"tag2"}],"status":"available"},{"id":7,"category":{"id":4,"name":"Lions"},"name":"Lion 1","photoUrls":["url1","url2"],"tags":[{"id":1,"name":"tag1"},{"id":2,"name":"tag2"}],"status":"available"},{"id":9,"category":{"id":4,"name":"Lions"},"name":"Lion 3","photoUrls":["url1","url2"],"tags":[{"id":1,"name":"tag3"},{"id":2,"name":"tag4"}],"status":"available"},{"id":20,"category":{"id":1,"name":"Dogs"},"name":"doggy","photoUrls":["string"],"tags":[{"id":0,"name":"string"}],"status":"available"},{"id":273,"category":{"id":89,"name":"CatA"},"name":"Nugget","photoUrls":["https://demo.testimagedemo.jpg","/tmp/inflector3457622432551604106.tmp"],"tags":[{"id":27,"name":"kitty"},{"id":90,"name":"puppy"}],"status":"available"},{"id":28,"category":{"id":89,"name":"CatA"},"name":"Nugget","photoUrls":["https://demo.testimagedemo.jpg","/tmp/inflector1574808193402962235.tmp"],"tags":[{"id":27,"name":"kitty"},{"id":90,"name":"puppy"}],"status":"available"},{"id":855,"category":{"id":89,"name":"CatA"},"name":"Max","photoUrls":["https://demo.testimagedemo.jpg"],"tags":[{"id":27,"name":"kitty"},{"id":90,"name":"puppy"}],"status":"available"},{"id":305,"category":{"id":89,"name":"CatA"},"name":"Max","photoUrls":["https://demo.testimagedemo.jpg"],"tags":[{"id":27,"name":"kitty"},{"id":90,"name":"puppy"}],"status":"available"},{"id":967,"category":{"id":89,"name":"CatA"},"name":"Nugget","photoUrls":["https://demo.testimagedemo.jpg"],"tags":[{"id":27,"name":"kitty"},{"id":90,"name":"puppy"}],"status":"available"},{"id":521,"category":{"id":89,"name":"CatA"},"name":"Max","photoUrls":["https://demo.testimagedemo.jpg"],"tags":[{"id":27,"name":"kitty"},{"id":90,"name":"puppy"}],"status":"available"},{"id":965,"category":{"id":89,"name":"CatA"},"name":"Max","photoUrls":["https://demo.testimagedemo.jpg"],"tags":[{"id":27,"name":"kitty"},{"id":90,"name":"puppy"}],"status":"available"},{"id":838,"category":{"id":89,"name":"CatA"},"name":"Max","photoUrls":["https://demo.testimagedemo.jpg"],"tags":[{"id":27,"name":"kitty"},{"id":90,"name":"puppy"}],"status":"available"},{"id":8,"category":{"id":11,"name":"**"},"name":"****","photoUrls":["************************"],"tags":[{"id":1,"name":"*"}],"status":"available"},{"id":1,"category":{"id":1,"name":"Hola"},"name":"Perrito","photoUrls":["/tmp/inflector8406266682064104724.tmp"],"tags":[{"id":1,"name":"Bizcocho"}],"status":"available"},{"id":54321,"category":{"id":1,"name":"cat1"},"name":"pet","photoUrls":["https://test.com"],"tags":[{"id":12,"name":"tag1"}],"status":"available"},{"id":600,"category":{"id":89,"name":"CatA"},"name":"Max","photoUrls":["https://demo.testimagedemo.jpg"],"tags":[{"id":27,"name":"kitty"},{"id":90,"name":"puppy"}],"status":"available"},{"id":129,"category":{"id":89,"name":"CatA"},"name":"Nugget","photoUrls":["https://demo.testimagedemo.jpg"],"tags":[{"id":27,"name":"kitty"},{"id":90,"name":"puppy"}],"status":"available"},{"id":971,"category":{"id":89,"name":"CatA"},"name":"Nugget","photoUrls":["https://demo.testimagedemo.jpg"],"tags":[{"id":27,"name":"kitty"},{"id":90,"name":"puppy"}],"status":"available"},{"id":37,"category":{"id":89,"name":"CatA"},"name":"Nugget","photoUrls":["https://demo.testimagedemo.jpg"],"tags":[{"id":27,"name":"kitty"},{"id":90,"name":"puppy"}],"status":"available"},{"id":546,"category":{"id":89,"name":"CatA"},"name":"Nugget","photoUrls":["https://demo.testimagedemo.jpg","/tmp/inflector7455447874764341541.tmp"],"tags":[{"id":27,"name":"kitty"},{"id":90,"name":"puppy"}],"status":"available"},{"id":612,"category":{"id":89,"name":"CatA"},"name":"Nugget","photoUrls":["https://demo.testimagedemo.jpg"],"tags":[{"id":27,"name":"kitty"},{"id":90,"name":"puppy"}],"status":"available"},{"id":222,"category":{"id":89,"name":"CatA"},"name":"Nugget","photoUrls":["https://demo.testimagedemo.jpg","/tmp/inflector5439801211200952413.tmp"],"tags":[{"id":27,"name":"kitty"},{"id":90,"name":"puppy"}],"status":"available"},{"id":962,"category":{"id":89,"name":"CatA"},"name":"Max","photoUrls":["https://demo.testimagedemo.jpg"],"tags":[{"id":27,"name":"kitty"},{"id":90,"name":"puppy"}],"status":"available"},{"id":368,"category":{"id":89,"name":"CatA"},"name":"Nugget","photoUrls":["https://demo.testimagedemo.jpg"],"tags":[{"id":27,"name":"kitty"},{"id":90,"name":"puppy"}],"status":"available"},{"id":360,"category":{"id":89,"name":"CatA"},"name":"Nugget","photoUrls":["https://demo.testimagedemo.jpg"],"tags":[{"id":27,"name":"kitty"},{"id":90,"name":"puppy"}],"status":"available"},{"id":161,"category":{"id":89,"name":"CatA"},"name":"Nugget","photoUrls":["https://demo.testimagedemo.jpg"],"tags":[{"id":27,"name":"kitty"},{"id":90,"name":"puppy"}],"status":"available"},{"id":529,"category":{"id":89,"name":"CatA"},"name":"Nugget","photoUrls":["https://demo.testimagedemo.jpg","/tmp/inflector1206233102624051737.tmp"],"tags":[{"id":27,"name":"kitty"},{"id":90,"name":"puppy"}],"status":"available"},{"id":798,"category":{"id":89,"name":"CatA"},"name":"Nugget","photoUrls":["https://demo.testimagedemo.jpg"],"tags":[{"id":27,"name":"kitty"},{"id":90,"name":"puppy"}],"status":"available"},{"id":627,"category":{"id":89,"name":"CatA"},"name":"Max","photoUrls":["https://demo.testimagedemo.jpg"],"tags":[{"id":27,"name":"kitty"},{"id":90,"name":"puppy"}],"status":"available"},{"id":10,"category":{"id":1,"name":"Dogs"},"name":"doggie","photoUrls":["string"],"tags":[{"id":0,"name":"string"}],"status":"available"},{"id":342,"category":{"id":89,"name":"CatA"},"name":"Nugget","photoUrls":["https://demo.testimagedemo.jpg"],"tags":[{"id":27,"name":"kitty"},{"id":90,"name":"puppy"}],"status":"available"},{"id":436,"category":{"id":89,"name":"CatA"},"name":"Nugget","photoUrls":["https://demo.testimagedemo.jpg"],"tags":[{"id":27,"name":"kitty"},{"id":90,"name":"puppy"}],"status":"available"}]
Request method:	GET
Request URI:	https://petstore3.swagger.io/api/v3/pet/4270
Proxy:			<none>
Request params:	<none>
Query params:	<none>
Form params:	<none>
Path params:	petId=4270
Headers:		Accept=*/*
				Content-Type=application/json
Cookies:		<none>
Multiparts:		<none>
Body:			<none>
Pet not found
Request method:	POST
Request URI:	https://petstore3.swagger.io/api/v3/pet
Proxy:			<none>
Request params:	<none>
Query params:	<none>
Form params:	<none>
Path params:	<none>
Headers:		Accept=*/*
				Content-Type=application/json
Cookies:		<none>
Multiparts:		<none>
Body:
{
    "id": 880,
    "name": "Nugget",
    "category": {
        "id": 89,
        "name": "CatA"
    },
    "photoUrls": [
        "https://demo.testimagedemo.jpg"
    ],
    "tags": [
        {
            "id": 27,
            "name": "kitty"
        },
        {
            "id": 90,
            "name": "puppy"
        }
    ],
    "status": "available"
}
{"id":880,"category":{"id":89,"name":"CatA"},"name":"Nugget","photoUrls":["https://demo.testimagedemo.jpg"],"tags":[{"id":27,"name":"kitty"},{"id":90,"name":"puppy"}],"status":"available"}
Request method:	GET
Request URI:	https://petstore3.swagger.io/api/v3/pet/880
Proxy:			<none>
Request params:	<none>
Query params:	<none>
Form params:	<none>
Path params:	petId=880
Headers:		Accept=*/*
				Content-Type=application/json
Cookies:		<none>
Multiparts:		<none>
Body:			<none>
{"id":880,"category":{"id":89,"name":"CatA"},"name":"Nugget","photoUrls":["https://demo.testimagedemo.jpg"],"tags":[{"id":27,"name":"kitty"},{"id":90,"name":"puppy"}],"status":"available"}
Request method:	POST
Request URI:	https://petstore3.swagger.io/api/v3/pet
Proxy:			<none>
Request params:	<none>
Query params:	<none>
Form params:	<none>
Path params:	<none>
Headers:		Accept=*/*
				Content-Type=application/json
Cookies:		<none>
Multiparts:		<none>
Body:
{
    "id": 591,
    "name": "Nugget",
    "category": {
        "id": 89,
        "name": "CatA"
    },
    "photoUrls": [
        "https://demo.testimagedemo.jpg"
    ],
    "tags": [
        {
            "id": 27,
            "name": "kitty"
        },
        {
            "id": 90,
            "name": "puppy"
        }
    ],
    "status": "available"
}
{"id":591,"category":{"id":89,"name":"CatA"},"name":"Nugget","photoUrls":["https://demo.testimagedemo.jpg"],"tags":[{"id":27,"name":"kitty"},{"id":90,"name":"puppy"}],"status":"available"}
Request method:	POST
Request URI:	https://petstore3.swagger.io/api/v3/pet/591?name=doggie&status=pending
Proxy:			<none>
Request params:	<none>
Query params:	name=doggie
				status=pending
Form params:	<none>
Path params:	petId=591
Headers:		Accept=*/*
				Content-Type=application/json
Cookies:		<none>
Multiparts:		<none>
Body:			<none>
{"id":591,"category":{"id":89,"name":"CatA"},"name":"doggie","photoUrls":["https://demo.testimagedemo.jpg"],"tags":[{"id":27,"name":"kitty"},{"id":90,"name":"puppy"}],"status":"pending"}
Request method:	POST
Request URI:	https://petstore3.swagger.io/api/v3/pet
Proxy:			<none>
Request params:	<none>
Query params:	<none>
Form params:	<none>
Path params:	<none>
Headers:		Accept=*/*
				Content-Type=application/json
Cookies:		<none>
Multiparts:		<none>
Body:
{
    "id": 758,
    "name": "Nugget",
    "category": {
        "id": 89,
        "name": "CatA"
    },
    "photoUrls": [
        "https://demo.testimagedemo.jpg"
    ],
    "tags": [
        {
            "id": 27,
            "name": "kitty"
        },
        {
            "id": 90,
            "name": "puppy"
        }
    ],
    "status": "available"
}
{"id":758,"category":{"id":89,"name":"CatA"},"name":"Nugget","photoUrls":["https://demo.testimagedemo.jpg"],"tags":[{"id":27,"name":"kitty"},{"id":90,"name":"puppy"}],"status":"available"}
Request method:	POST
Request URI:	https://petstore3.swagger.io/api/v3/pet/758?name=doggie&status=invalid
Proxy:			<none>
Request params:	<none>
Query params:	name=doggie
				status=invalid
Form params:	<none>
Path params:	petId=758
Headers:		Accept=*/*
				Content-Type=application/json
Cookies:		<none>
Multiparts:		<none>
Body:			<none>
{"id":758,"category":{"id":89,"name":"CatA"},"name":"doggie","photoUrls":["https://demo.testimagedemo.jpg"],"tags":[{"id":27,"name":"kitty"},{"id":90,"name":"puppy"}],"status":"invalid"}
Request method:	PUT
Request URI:	https://petstore3.swagger.io/api/v3/pet
Proxy:			<none>
Request params:	<none>
Query params:	<none>
Form params:	<none>
Path params:	<none>
Headers:		Accept=*/*
				Content-Type=application/json
Cookies:		<none>
Multiparts:		<none>
Body:
{
    "id": 51,
    "name": "Nugget",
    "category": {
        "id": 89,
        "name": "CatA"
    },
    "photoUrls": [
        "https://demo.testimagedemo.jpg"
    ],
    "tags": [
        {
            "id": 27,
            "name": "kitty"
        },
        {
            "id": 90,
            "name": "puppy"
        }
    ],
    "status": "available"
}
Pet not found
Request method:	POST
Request URI:	https://petstore3.swagger.io/api/v3/pet
Proxy:			<none>
Request params:	<none>
Query params:	<none>
Form params:	<none>
Path params:	<none>
Headers:		Accept=*/*
				Content-Type=application/json
Cookies:		<none>
Multiparts:		<none>
Body:
{
    "id": 448,
    "name": "Nugget",
    "category": {
        "id": 89,
        "name": "CatA"
    },
    "photoUrls": [
        "https://demo.testimagedemo.jpg"
    ],
    "tags": [
        {
            "id": 27,
            "name": "kitty"
        },
        {
            "id": 90,
            "name": "puppy"
        }
    ],
    "status": "available"
}
{"id":448,"category":{"id":89,"name":"CatA"},"name":"Nugget","photoUrls":["https://demo.testimagedemo.jpg"],"tags":[{"id":27,"name":"kitty"},{"id":90,"name":"puppy"}],"status":"available"}
Request method:	POST
Request URI:	https://petstore3.swagger.io/api/v3/pet/448/uploadImage
Proxy:			<none>
Request params:	<none>
Query params:	<none>
Form params:	<none>
Path params:	petId=448
Headers:		accept=application/json
				Content-Type=application/octet-stream
Cookies:		<none>
Multiparts:		<none>
Body:
/Users/prafull/Documents/code/petstore-api/build/resources/main/petImage.jpg
{"id":448,"category":{"id":89,"name":"CatA"},"name":"Nugget","photoUrls":["https://demo.testimagedemo.jpg","/tmp/inflector6398284344199879793.tmp"],"tags":[{"id":27,"name":"kitty"},{"id":90,"name":"puppy"}],"status":"available"}
]]></system-out>
  <system-err><![CDATA[]]></system-err>
</testsuite>
